[2025-07-07 20:44:27] SELECT 
                    YEAR(p.date_debut) AS annee,
                    MONTH(p.date_debut) AS mois,
                    DATE_FORMAT(p.date_debut, '%Y-%m') AS periode,
                    COUNT(p.id_pret) AS nombre_prets,
                    SUM(p.montant) AS capital_total,
                    ROUND(SUM(p.montant * (tp.taux_interet/100) / 12), 2) AS interets_mensuels
                FROM pret p
                JOIN type_pret tp ON p.id_type_pret = tp.id_type_pret
                WHERE p.date_debut BETWEEN '2024-07-01' AND '2025-07-31'
                GROUP BY YEAR(p.date_debut), MONTH(p.date_debut)
                ORDER BY annee, mois
[2025-07-07 20:50:14] SELECT 
                    YEAR(p.date_debut) AS annee,
                    MONTH(p.date_debut) AS mois,
                    DATE_FORMAT(p.date_debut, '%Y-%m') AS periode,
                    COUNT(p.id_pret) AS nombre_prets,
                    SUM(p.montant) AS capital_total,
                    ROUND(SUM(p.montant * (tp.taux_interet/100) / 12), 2) AS interets_mensuels
                FROM pret p
                JOIN type_pret tp ON p.id_type_pret = tp.id_type_pret
                WHERE p.date_debut BETWEEN '2024-07-01' AND '2025-07-31'
                GROUP BY YEAR(p.date_debut), MONTH(p.date_debut)
                ORDER BY annee, mois
[2025-07-07 20:52:44] SELECT 
                    YEAR(p.date_debut) AS annee,
                    MONTH(p.date_debut) AS mois,
                    DATE_FORMAT(p.date_debut, '%Y-%m') AS periode,
                    COUNT(p.id_pret) AS nombre_prets,
                    SUM(p.montant) AS capital_total,
                    ROUND(SUM(p.montant * (tp.taux_interet/100) / 12), 2) AS interets_mensuels
                FROM pret p
                JOIN type_pret tp ON p.id_type_pret = tp.id_type_pret
                WHERE p.date_debut BETWEEN '2024-07-01' AND '2025-07-31'
                GROUP BY YEAR(p.date_debut), MONTH(p.date_debut)
                ORDER BY annee, mois
[2025-07-07 22:32:22] SELECT 
                    YEAR(p.date_debut) AS annee,
                    MONTH(p.date_debut) AS mois,
                    DATE_FORMAT(p.date_debut, '%Y-%m') AS periode,
                    COUNT(p.id_pret) AS nombre_prets,
                    SUM(p.montant) AS capital_total,
                    ROUND(SUM(p.montant * (tp.taux_interet/100) / 12), 2) AS interets_mensuels
                FROM pret p
                JOIN type_pret tp ON p.id_type_pret = tp.id_type_pret
                WHERE p.date_debut BETWEEN '2024-07-01' AND '2025-07-31'
                GROUP BY YEAR(p.date_debut), MONTH(p.date_debut)
                ORDER BY annee, mois
[2025-07-07 22:32:30] SELECT 
                    YEAR(p.date_debut) AS annee,
                    MONTH(p.date_debut) AS mois,
                    DATE_FORMAT(p.date_debut, '%Y-%m') AS periode,
                    COUNT(p.id_pret) AS nombre_prets,
                    SUM(p.montant) AS capital_total,
                    ROUND(SUM(p.montant * (tp.taux_interet/100) / 12), 2) AS interets_mensuels
                FROM pret p
                JOIN type_pret tp ON p.id_type_pret = tp.id_type_pret
                WHERE p.date_debut BETWEEN '2024-07-01' AND '2025-07-31'
                GROUP BY YEAR(p.date_debut), MONTH(p.date_debut)
                ORDER BY annee, mois
[2025-07-07 23:11:25] SELECT 
                    m.annee,
                    m.mois,
                    CONCAT(m.annee, '-', LPAD(m.mois, 2, '0')) AS periode,
                    COUNT(DISTINCT m.id_pret) AS nombre_prets,
                    SUM(m.capital) AS capital_total,
                    ROUND(SUM(m.interet), 2) AS interets_mensuels
                FROM mensualite m
                JOIN pret p ON m.id_pret = p.id_pret
                WHERE DATE(CONCAT(m.annee, '-', LPAD(m.mois, 2, '0'), '-01')) BETWEEN '2024-08-01' AND '2025-07-31'
                GROUP BY m.annee, m.mois
                ORDER BY m.annee, m.mois
[2025-07-07 23:11:27] SELECT 
                    m.annee,
                    m.mois,
                    CONCAT(m.annee, '-', LPAD(m.mois, 2, '0')) AS periode,
                    COUNT(DISTINCT m.id_pret) AS nombre_prets,
                    SUM(m.capital) AS capital_total,
                    ROUND(SUM(m.interet), 2) AS interets_mensuels
                FROM mensualite m
                JOIN pret p ON m.id_pret = p.id_pret
                WHERE DATE(CONCAT(m.annee, '-', LPAD(m.mois, 2, '0'), '-01')) BETWEEN '2024-08-01' AND '2025-07-31'
                GROUP BY m.annee, m.mois
                ORDER BY m.annee, m.mois
